\BOOKMARK [1][-]{section*.1}{\376\377\000R\000E\000S\000U\000M\000E\000N}{}% 1
\BOOKMARK [1][-]{section*.2}{\376\377\000A\000B\000S\000T\000R\000A\000C\000T}{}% 2
\BOOKMARK [1][-]{section*.3}{\376\377\000I\000N\000T\000R\000O\000D\000U\000C\000C\000I\000\323\000N}{}% 3
\BOOKMARK [1][-]{section.1}{\376\377\000P\000E\000R\000F\000I\000L\000\040\000D\000E\000\040\000L\000A\000\040\000I\000N\000V\000E\000S\000T\000I\000G\000A\000C\000I\000\323\000N}{}% 4
\BOOKMARK [2][-]{subsection.1.1}{\376\377\000P\000l\000a\000n\000t\000e\000a\000m\000i\000e\000n\000t\000o\000\040\000d\000e\000l\000\040\000p\000r\000o\000b\000l\000e\000m\000a}{section.1}% 5
\BOOKMARK [2][-]{subsection.1.2}{\376\377\000F\000o\000r\000m\000u\000l\000a\000c\000i\000\363\000n\000\040\000d\000e\000l\000\040\000p\000r\000o\000b\000l\000e\000m\000a\000\040\000c\000e\000n\000t\000r\000a\000l}{section.1}% 6
\BOOKMARK [2][-]{subsection.1.3}{\376\377\000J\000u\000s\000t\000i\000f\000i\000c\000a\000c\000i\000\363\000n}{section.1}% 7
\BOOKMARK [2][-]{subsection.1.4}{\376\377\000A\000l\000c\000a\000n\000c\000e\000\040\000y\000\040\000d\000e\000l\000i\000m\000i\000t\000a\000c\000i\000\363\000n}{section.1}% 8
\BOOKMARK [2][-]{subsection.1.5}{\376\377\000O\000b\000j\000e\000t\000i\000v\000o\000s\000\040\000d\000e\000\040\000l\000a\000\040\000i\000n\000v\000e\000s\000t\000i\000g\000a\000c\000i\000\363\000n}{section.1}% 9
\BOOKMARK [3][-]{subsubsection.1.5.1}{\376\377\000G\000e\000n\000e\000r\000a\000l}{subsection.1.5}% 10
\BOOKMARK [3][-]{subsubsection.1.5.2}{\376\377\000E\000s\000p\000e\000c\000\355\000f\000i\000c\000o}{subsection.1.5}% 11
\BOOKMARK [2][-]{subsection.1.6}{\376\377\000H\000i\000p\000\363\000t\000e\000s\000i\000s}{section.1}% 12
\BOOKMARK [3][-]{subsubsection.1.6.1}{\376\377\000E\000l\000e\000m\000e\000n\000t\000o\000s\000\040\000o\000\040\000c\000o\000m\000p\000o\000n\000e\000n\000t\000e\000s}{subsection.1.6}% 13
\BOOKMARK [2][-]{subsection.1.7}{\376\377\000M\000a\000r\000c\000o\000\040\000m\000e\000t\000o\000d\000o\000l\000\363\000g\000i\000c\000o}{section.1}% 14
\BOOKMARK [3][-]{subsubsection.1.7.1}{\376\377\000T\000i\000p\000o\000\040\000d\000e\000\040\000i\000n\000v\000e\000s\000t\000i\000g\000a\000c\000i\000\363\000n}{subsection.1.7}% 15
\BOOKMARK [3][-]{subsubsection.1.7.2}{\376\377\000M\000\351\000t\000o\000d\000o\000\040\000d\000e\000\040\000i\000n\000v\000e\000s\000t\000i\000g\000a\000c\000i\000\363\000n}{subsection.1.7}% 16
\BOOKMARK [3][-]{subsubsection.1.7.3}{\376\377\000T\000\351\000c\000n\000i\000c\000a\000s\000\040\000d\000e\000\040\000i\000n\000v\000e\000s\000t\000i\000g\000a\000c\000i\000\363\000n}{subsection.1.7}% 17
\BOOKMARK [3][-]{subsubsection.1.7.4}{\376\377\000F\000u\000e\000n\000t\000e\000s\000\040\000d\000e\000\040\000i\000n\000f\000o\000r\000m\000a\000c\000i\000\363\000n}{subsection.1.7}% 18
\BOOKMARK [4][-]{paragraph.1.7.4.1}{\376\377\000F\000u\000e\000n\000t\000e\000s\000\040\000p\000r\000i\000m\000a\000r\000i\000a\000s}{subsubsection.1.7.4}% 19
\BOOKMARK [4][-]{paragraph.1.7.4.2}{\376\377\000F\000u\000e\000n\000t\000e\000s\000\040\000s\000e\000c\000u\000n\000d\000a\000r\000i\000a\000s}{subsubsection.1.7.4}% 20
\BOOKMARK [4][-]{paragraph.1.7.4.3}{\376\377\000T\000\351\000c\000n\000i\000c\000a\000\040\000d\000e\000\040\000r\000e\000c\000o\000l\000e\000c\000c\000i\000\363\000n\000\040\000d\000e\000\040\000l\000a\000\040\000i\000n\000f\000o\000r\000m\000a\000c\000i\000\363\000n}{subsubsection.1.7.4}% 21
\BOOKMARK [1][-]{section.2}{\376\377\000M\000A\000R\000C\000O\000\040\000T\000E\000\323\000R\000I\000C\000O}{}% 22
\BOOKMARK [2][-]{subsection.2.1}{\376\377\000F\000i\000n\000a\000n\000z\000a\000s\000\040\000y\000\040\000e\000l\000\040\000s\000i\000s\000t\000e\000m\000a\000\040\000f\000i\000n\000a\000n\000c\000i\000e\000r\000o}{section.2}% 23
\BOOKMARK [3][-]{subsubsection.2.1.1}{\376\377\000E\000n\000t\000i\000d\000a\000d\000e\000s\000\040\000d\000e\000\040\000i\000n\000t\000e\000r\000m\000e\000d\000i\000a\000c\000i\000\363\000n\000\040\000f\000i\000n\000a\000n\000c\000i\000e\000r\000a\000\040\000e\000n\000\040\000B\000o\000l\000i\000v\000i\000a}{subsection.2.1}% 24
\BOOKMARK [4][-]{paragraph.2.1.1.1}{\376\377\000B\000a\000n\000c\000o\000s\000\040\000m\000\372\000l\000t\000i\000p\000l\000e\000s\000.}{subsubsection.2.1.1}% 25
\BOOKMARK [4][-]{paragraph.2.1.1.2}{\376\377\000B\000a\000n\000c\000o\000s\000\040\000P\000Y\000M\000E}{subsubsection.2.1.1}% 26
\BOOKMARK [4][-]{paragraph.2.1.1.3}{\376\377\000E\000n\000t\000i\000d\000a\000d\000e\000s\000\040\000f\000i\000n\000a\000n\000c\000i\000e\000r\000a\000s\000\040\000d\000e\000\040\000v\000i\000v\000i\000e\000n\000d\000a}{subsubsection.2.1.1}% 27
\BOOKMARK [4][-]{paragraph.2.1.1.4}{\376\377\000C\000o\000o\000p\000e\000r\000a\000t\000i\000v\000a\000s\000\040\000d\000e\000\040\000a\000h\000o\000r\000r\000o\000\040\000y\000\040\000c\000r\000\351\000d\000i\000t\000o\000\040\000a\000b\000i\000e\000r\000t\000a\000s}{subsubsection.2.1.1}% 28
\BOOKMARK [4][-]{paragraph.2.1.1.5}{\376\377\000I\000n\000s\000t\000i\000t\000u\000c\000i\000o\000n\000e\000s\000\040\000f\000i\000n\000a\000n\000c\000i\000e\000r\000a\000s\000\040\000d\000e\000\040\000d\000e\000s\000a\000r\000r\000o\000l\000l\000o}{subsubsection.2.1.1}% 29
\BOOKMARK [4][-]{paragraph.2.1.1.6}{\376\377\000B\000a\000n\000c\000o\000\040\000d\000e\000\040\000d\000e\000s\000a\000r\000r\000o\000l\000l\000o\000\040\000p\000r\000o\000d\000u\000c\000t\000i\000v\000o}{subsubsection.2.1.1}% 30
\BOOKMARK [2][-]{subsection.2.2}{\376\377\000E\000s\000t\000a\000d\000o\000s\000\040\000f\000i\000n\000a\000n\000c\000i\000e\000r\000o\000s}{section.2}% 31
\BOOKMARK [3][-]{subsubsection.2.2.1}{\376\377\000B\000a\000l\000a\000n\000c\000e\000\040\000g\000e\000n\000e\000r\000a\000l}{subsection.2.2}% 32
\BOOKMARK [3][-]{subsubsection.2.2.2}{\376\377\000E\000s\000t\000a\000d\000o\000\040\000d\000e\000\040\000r\000e\000s\000u\000l\000t\000a\000d\000o\000s}{subsection.2.2}% 33
\BOOKMARK [2][-]{subsection.2.3}{\376\377\000E\000v\000a\000l\000u\000a\000c\000i\000\363\000n\000\040\000f\000i\000n\000a\000n\000c\000i\000e\000r\000a}{section.2}% 34
\BOOKMARK [3][-]{subsubsection.2.3.1}{\376\377\000I\000n\000d\000i\000c\000a\000d\000o\000r\000e\000s\000\040\000f\000i\000n\000a\000n\000c\000i\000e\000r\000o\000s\000\040\000o\000\040\000r\000a\000z\000o\000n\000e\000s\000\040\000f\000i\000n\000a\000n\000c\000i\000e\000r\000a\000s}{subsection.2.3}% 35
\BOOKMARK [2][-]{subsection.2.4}{\376\377\000M\000\351\000t\000o\000d\000o\000\040\000C\000A\000M\000E\000L}{section.2}% 36
\BOOKMARK [3][-]{subsubsection.2.4.1}{\376\377\000C\000\341\000l\000c\000u\000l\000o\000\040\000d\000e\000\040\000i\000n\000d\000i\000c\000a\000d\000o\000r\000e\000s}{subsection.2.4}% 37
\BOOKMARK [4][-]{paragraph.2.4.1.1}{\376\377\000C\000a\000p\000i\000t\000a\000l}{subsubsection.2.4.1}% 38
\BOOKMARK [5][-]{subparagraph.2.4.1.1.1}{\376\377\000C\000o\000e\000f\000i\000c\000i\000e\000n\000t\000e\000\040\000D\000e\000\040\000A\000d\000e\000c\000u\000a\000c\000i\000\363\000n\000\040\000P\000a\000t\000r\000i\000m\000o\000n\000i\000a\000l\000\040\000\050\000C\000A\000P\000\051}{paragraph.2.4.1.1}% 39
\BOOKMARK [5][-]{subparagraph.2.4.1.1.2}{\376\377\000C\000o\000e\000f\000i\000c\000i\000e\000n\000t\000e\000\040\000d\000e\000\040\000c\000o\000b\000e\000r\000t\000u\000r\000a\000\040\000d\000e\000\040\000c\000a\000r\000t\000e\000r\000a\000\040\000e\000n\000\040\000m\000o\000r\000a\000\040\000\050\000C\000C\000C\000M\000\051}{paragraph.2.4.1.1}% 40
\BOOKMARK [5][-]{subparagraph.2.4.1.1.3}{\376\377\000C\000o\000e\000f\000i\000c\000i\000e\000n\000t\000e\000\040\000\341\000c\000i\000d\000o\000\040\000d\000e\000\040\000c\000o\000b\000e\000r\000t\000u\000r\000a\000\040\000d\000e\000\040\000c\000a\000r\000t\000e\000r\000a\000\040\000e\000n\000\040\000m\000o\000r\000a\000\040\000\050\000C\000A\000C\000C\000M\000\051}{paragraph.2.4.1.1}% 41
\BOOKMARK [5][-]{subparagraph.2.4.1.1.4}{\376\377\000C\000o\000e\000f\000i\000c\000i\000e\000n\000t\000e\000\040\000d\000e\000\040\000c\000o\000b\000e\000r\000t\000u\000r\000a\000\040\000p\000a\000t\000r\000i\000m\000o\000n\000i\000a\000l\000\040\000\050\000C\000C\000P\000\051}{paragraph.2.4.1.1}% 42
\BOOKMARK [4][-]{paragraph.2.4.1.2}{\376\377\000A\000c\000t\000i\000v\000o}{subsubsection.2.4.1}% 43
\BOOKMARK [5][-]{subparagraph.2.4.1.2.1}{\376\377\000C\000o\000e\000f\000i\000c\000i\000e\000n\000t\000e\000\040\000d\000e\000\040\000e\000x\000p\000o\000s\000i\000c\000i\000\363\000n\000\040\000d\000e\000\040\000c\000a\000r\000t\000e\000r\000a\000\040\000\050\000C\000E\000C\000\051}{paragraph.2.4.1.2}% 44
\BOOKMARK [5][-]{subparagraph.2.4.1.2.2}{\376\377\000C\000o\000e\000f\000i\000c\000i\000e\000n\000t\000e\000\040\000d\000e\000\040\000p\000r\000e\000v\000i\000s\000i\000\363\000n\000\040\000d\000e\000\040\000c\000a\000r\000t\000e\000r\000a\000\040\000\050\000C\000P\000C\000\051}{paragraph.2.4.1.2}% 45
\BOOKMARK [5][-]{subparagraph.2.4.1.2.3}{\376\377\000C\000o\000e\000f\000i\000c\000i\000e\000n\000t\000e\000\040\000d\000e\000\040\000p\000r\000e\000v\000i\000s\000i\000\363\000n\000\040\000d\000e\000\040\000c\000a\000r\000t\000e\000r\000a\000\040\000e\000n\000\040\000m\000o\000r\000a\000\040\000\050\000C\000P\000C\000M\000\051}{paragraph.2.4.1.2}% 46
\BOOKMARK [5][-]{subparagraph.2.4.1.2.4}{\376\377\000C\000o\000e\000f\000i\000c\000i\000e\000n\000t\000e\000\040\000d\000e\000\040\000r\000e\000p\000o\000s\000i\000c\000i\000\363\000n\000\040\000d\000e\000\040\000c\000a\000r\000t\000e\000r\000a\000\040\000\050\000C\000R\000C\000\051}{paragraph.2.4.1.2}% 47
\BOOKMARK [4][-]{paragraph.2.4.1.3}{\376\377\000A\000d\000m\000i\000n\000i\000s\000t\000r\000a\000c\000i\000\363\000n}{subsubsection.2.4.1}% 48
\BOOKMARK [5][-]{subparagraph.2.4.1.3.1}{\376\377\000C\000o\000e\000f\000i\000c\000i\000e\000n\000t\000e\000\040\000d\000e\000\040\000c\000o\000b\000e\000r\000t\000u\000r\000a\000\040\000g\000a\000s\000t\000o\000s\000\040\000a\000d\000m\000i\000n\000i\000s\000t\000r\000a\000t\000i\000v\000o\000s\000\040\000\050\000C\000C\000G\000A\000\051}{paragraph.2.4.1.3}% 49
\BOOKMARK [5][-]{subparagraph.2.4.1.3.2}{\376\377\000C\000o\000e\000f\000i\000c\000i\000e\000n\000t\000e\000\040\000\341\000c\000i\000d\000o\000\040\000d\000e\000\040\000c\000o\000b\000e\000r\000t\000u\000r\000a\000\040\000p\000a\000t\000r\000i\000m\000o\000n\000i\000a\000l\000\040\000\050\000C\000A\000C\000G\000A\000\051}{paragraph.2.4.1.3}% 50
\BOOKMARK [4][-]{paragraph.2.4.1.4}{\376\377\000B\000e\000n\000e\000f\000i\000c\000i\000o\000s}{subsubsection.2.4.1}% 51
\BOOKMARK [5][-]{subparagraph.2.4.1.4.1}{\376\377\000C\000o\000e\000f\000i\000c\000i\000e\000n\000t\000e\000\040\000d\000e\000\040\000r\000e\000n\000d\000i\000m\000i\000e\000n\000t\000o\000\040\000s\000o\000b\000r\000e\000\040\000a\000c\000t\000i\000v\000o\000s\000\040\000\050\000R\000O\000A\000\051}{paragraph.2.4.1.4}% 52
\BOOKMARK [5][-]{subparagraph.2.4.1.4.2}{\376\377\000C\000o\000e\000f\000i\000c\000i\000e\000n\000t\000e\000\040\000d\000e\000\040\000r\000e\000n\000d\000i\000m\000i\000e\000n\000t\000o\000\040\000s\000o\000b\000r\000e\000\040\000p\000a\000t\000r\000i\000m\000o\000n\000i\000o\000\040\000\050\000R\000O\000E\000\051}{paragraph.2.4.1.4}% 53
\BOOKMARK [4][-]{paragraph.2.4.1.5}{\376\377\000L\000i\000q\000u\000i\000d\000e\000z}{subsubsection.2.4.1}% 54
\BOOKMARK [5][-]{subparagraph.2.4.1.5.1}{\376\377\000C\000o\000e\000f\000i\000c\000i\000e\000n\000t\000e\000\040\000d\000e\000\040\000c\000a\000p\000a\000c\000i\000d\000a\000d\000\040\000d\000e\000\040\000p\000a\000g\000o\000\040\000f\000r\000e\000n\000t\000e\000\040\000a\000\040\000p\000a\000s\000i\000v\000o\000s\000\040\000\050\000C\000C\000P\000P\000\051}{paragraph.2.4.1.5}% 55
\BOOKMARK [5][-]{subparagraph.2.4.1.5.2}{\376\377\000C\000o\000e\000f\000i\000c\000i\000e\000n\000t\000e\000\040\000\341\000c\000i\000d\000o\000\040\000d\000e\000\040\000c\000a\000p\000a\000c\000i\000d\000a\000d\000\040\000d\000e\000\040\000p\000a\000g\000o\000\040\000f\000r\000e\000n\000t\000e\000\040\000a\000\040\000p\000a\000s\000i\000v\000o\000s\000\040\000\050\000C\000A\000C\000P\000P\000\051}{paragraph.2.4.1.5}% 56
\BOOKMARK [3][-]{subsubsection.2.4.2}{\376\377\000D\000e\000f\000i\000n\000i\000c\000i\000\363\000n\000\040\000d\000e\000\040\000r\000a\000n\000g\000o\000s\000\040\000y\000\040\000l\000\355\000m\000i\000t\000e\000s\000\040\000d\000e\000\040\000l\000o\000s\000\040\000i\000n\000d\000i\000c\000a\000d\000o\000r\000e\000s}{subsection.2.4}% 57
\BOOKMARK [3][-]{subsubsection.2.4.3}{\376\377\000D\000e\000f\000i\000n\000i\000c\000i\000\363\000n\000\040\000d\000e\000\040\000l\000a\000\040\000p\000o\000n\000d\000e\000r\000a\000c\000i\000\363\000n}{subsection.2.4}% 58
\BOOKMARK [3][-]{subsubsection.2.4.4}{\376\377\000C\000a\000l\000i\000f\000i\000c\000a\000c\000i\000\363\000n\000\040\000C\000A\000M\000E\000L}{subsection.2.4}% 59
\BOOKMARK [2][-]{subsection.2.5}{\376\377\000I\000n\000t\000e\000l\000i\000g\000e\000n\000c\000i\000a\000\040\000a\000r\000t\000i\000f\000i\000c\000i\000a\000l}{section.2}% 60
\BOOKMARK [3][-]{subsubsection.2.5.1}{\376\377\000A\000p\000r\000e\000n\000d\000i\000z\000a\000j\000e\000\040\000s\000u\000p\000e\000r\000v\000i\000s\000a\000d\000o\000\040\000c\000o\000n\000\040\000r\000e\000d\000e\000s\000\040\000n\000e\000u\000r\000o\000n\000a\000l\000e\000s}{subsection.2.5}% 61
\BOOKMARK [3][-]{subsubsection.2.5.2}{\376\377\000A\000p\000r\000e\000n\000d\000i\000z\000a\000j\000e\000\040\000n\000o\000\040\000s\000u\000p\000e\000r\000v\000i\000s\000a\000d\000o\000\040\000c\000o\000n\000\040\000r\000e\000d\000e\000s\000\040\000n\000e\000u\000r\000o\000n\000a\000l\000e\000s}{subsection.2.5}% 62
\BOOKMARK [2][-]{subsection.2.6}{\376\377\000R\000e\000d\000e\000s\000\040\000n\000e\000u\000r\000o\000n\000a\000l\000e\000s\000\040\000a\000r\000t\000i\000f\000i\000c\000i\000a\000l\000e\000s}{section.2}% 63
\BOOKMARK [2][-]{subsection.2.7}{\376\377\000E\000l\000e\000m\000e\000n\000t\000o\000s\000\040\000d\000e\000\040\000r\000e\000d\000e\000s\000\040\000n\000e\000u\000r\000o\000n\000a\000l\000e\000s}{section.2}% 64
\BOOKMARK [3][-]{subsubsection.2.7.1}{\376\377\000N\000e\000u\000r\000o\000n\000a\000\040\000a\000r\000t\000i\000f\000i\000c\000i\000a\000l}{subsection.2.7}% 65
\BOOKMARK [3][-]{subsubsection.2.7.2}{\376\377\000F\000u\000n\000c\000i\000o\000n\000e\000s\000\040\000d\000e\000\040\000a\000c\000t\000i\000v\000a\000c\000i\000\363\000n}{subsection.2.7}% 66
\BOOKMARK [4][-]{paragraph.2.7.2.1}{\376\377\000F\000u\000n\000c\000i\000\363\000n\000\040\000e\000s\000c\000a\000l\000\363\000n}{subsubsection.2.7.2}% 67
\BOOKMARK [4][-]{paragraph.2.7.2.2}{\376\377\000F\000u\000n\000c\000i\000\363\000n\000\040\000s\000i\000g\000m\000o\000i\000d\000e}{subsubsection.2.7.2}% 68
\BOOKMARK [4][-]{paragraph.2.7.2.3}{\376\377\000F\000u\000n\000c\000i\000\363\000n\000\040\000t\000a\000n\000g\000e\000n\000t\000e\000\040\000h\000i\000p\000e\000r\000b\000\363\000l\000i\000c\000a}{subsubsection.2.7.2}% 69
\BOOKMARK [4][-]{paragraph.2.7.2.4}{\376\377\000F\000u\000n\000c\000i\000\363\000n\000\040\000R\000e\000l\000u}{subsubsection.2.7.2}% 70
\BOOKMARK [4][-]{paragraph.2.7.2.5}{\376\377\000F\000u\000n\000c\000i\000\363\000n\000\040\000L\000e\000a\000k\000y\000\040\000R\000e\000L\000U}{subsubsection.2.7.2}% 71
\BOOKMARK [4][-]{paragraph.2.7.2.6}{\376\377\000F\000u\000n\000c\000i\000\363\000n\000\040\000S\000o\000f\000t\000m\000a\000x}{subsubsection.2.7.2}% 72
\BOOKMARK [3][-]{subsubsection.2.7.3}{\376\377\000P\000r\000o\000p\000a\000g\000a\000c\000i\000\363\000n\000\040\000h\000a\000c\000i\000a\000\040\000a\000d\000e\000l\000a\000n\000t\000e\000\040\000y\000\040\000h\000a\000c\000i\000a\000\040\000a\000t\000r\000\341\000s}{subsection.2.7}% 73
\BOOKMARK [4][-]{paragraph.2.7.3.1}{\376\377\000P\000r\000o\000p\000a\000g\000a\000c\000i\000\363\000n\000\040\000h\000a\000c\000i\000a\000\040\000a\000d\000e\000l\000a\000n\000t\000e}{subsubsection.2.7.3}% 74
\BOOKMARK [4][-]{paragraph.2.7.3.2}{\376\377\000P\000r\000o\000p\000a\000g\000a\000c\000i\000\363\000n\000\040\000h\000a\000c\000i\000a\000\040\000a\000t\000r\000\341\000s}{subsubsection.2.7.3}% 75
\BOOKMARK [2][-]{subsection.2.8}{\376\377\000P\000r\000o\000n\000\363\000s\000t\000i\000c\000o\000s\000\040\000y\000\040\000e\000v\000a\000l\000u\000a\000c\000i\000\363\000n}{section.2}% 76
\BOOKMARK [3][-]{subsubsection.2.8.1}{\376\377\000M\000o\000d\000e\000l\000o\000\040\000a\000u\000t\000o\000r\000r\000e\000g\000r\000e\000s\000i\000v\000o\000\040\000i\000n\000t\000e\000g\000r\000a\000d\000o\000\040\000d\000e\000\040\000m\000e\000d\000i\000a\000\040\000m\000\363\000v\000i\000l\000\040\000\050\000A\000R\000I\000M\000A\000\051}{subsection.2.8}% 77
\BOOKMARK [3][-]{subsubsection.2.8.2}{\376\377\000M\000o\000d\000e\000l\000o\000\040\000c\000l\000\341\000s\000i\000c\000o\000\040\000d\000e\000\040\000s\000e\000r\000i\000e\000s\000\040\000d\000e\000\040\000t\000i\000e\000m\000p\000o\000\040\000\050\000M\000C\000O\000\051}{subsection.2.8}% 78
\BOOKMARK [3][-]{subsubsection.2.8.3}{\376\377\000E\000v\000a\000l\000u\000a\000c\000i\000\363\000n\000\040\000d\000e\000\040\000m\000o\000d\000e\000l\000o\000s}{subsection.2.8}% 79
\BOOKMARK [1][-]{section.3}{\376\377\000D\000I\000A\000G\000N\000\323\000S\000T\000I\000C\000O\000\040\000P\000O\000R\000\040\000S\000E\000C\000T\000O\000R\000E\000S\000\040\000D\000E\000L\000\040\000S\000I\000S\000T\000E\000M\000A\000\040\000F\000I\000N\000A\000N\000C\000I\000E\000R\000O\000\040\000D\000E\000\040\000B\000O\000L\000I\000V\000I\000A}{}% 80
\BOOKMARK [2][-]{subsection.3.1}{\376\377\000P\000r\000e\000c\000i\000s\000i\000o\000n\000e\000s\000\040\000d\000e\000l\000\040\000d\000i\000a\000g\000n\000\363\000s\000t\000i\000c\000o\000\040\000f\000i\000n\000a\000n\000c\000i\000e\000r\000o\000\040\000p\000r\000e\000s\000e\000n\000t\000a\000d\000o}{section.3}% 81
\BOOKMARK [3][-]{subsubsection.3.1.1}{\376\377\000E\000n\000t\000i\000d\000a\000d\000e\000s\000\040\000f\000i\000n\000a\000n\000c\000i\000e\000r\000a\000s\000\040\000c\000o\000m\000p\000r\000e\000n\000d\000i\000d\000a\000s\000\040\000p\000o\000r\000\040\000e\000l\000\040\000d\000i\000a\000g\000n\000o\000s\000t\000i\000c\000o}{subsection.3.1}% 82
\BOOKMARK [4][-]{paragraph.3.1.1.1}{\376\377\000B\000a\000n\000c\000o\000s\000\040\000m\000\372\000l\000t\000i\000p\000l\000e\000s}{subsubsection.3.1.1}% 83
\BOOKMARK [4][-]{paragraph.3.1.1.2}{\376\377\000B\000a\000n\000c\000o\000s\000\040\000P\000Y\000M\000E}{subsubsection.3.1.1}% 84
\BOOKMARK [4][-]{paragraph.3.1.1.3}{\376\377\000B\000a\000n\000c\000o\000\040\000d\000e\000\040\000d\000e\000s\000a\000r\000r\000o\000l\000l\000o\000\040\000p\000r\000o\000d\000u\000c\000t\000i\000v\000o}{subsubsection.3.1.1}% 85
\BOOKMARK [4][-]{paragraph.3.1.1.4}{\376\377\000I\000n\000s\000t\000i\000t\000u\000c\000i\000o\000n\000e\000s\000\040\000f\000i\000n\000a\000n\000c\000i\000e\000r\000a\000s\000\040\000d\000e\000\040\000d\000e\000s\000a\000r\000r\000o\000l\000l\000o}{subsubsection.3.1.1}% 86
\BOOKMARK [4][-]{paragraph.3.1.1.5}{\376\377\000E\000n\000t\000i\000d\000a\000d\000e\000s\000\040\000f\000i\000n\000a\000n\000c\000i\000e\000r\000a\000s\000\040\000d\000e\000\040\000v\000i\000v\000i\000e\000n\000d\000a}{subsubsection.3.1.1}% 87
\BOOKMARK [4][-]{paragraph.3.1.1.6}{\376\377\000C\000o\000o\000p\000e\000r\000a\000t\000i\000v\000a\000s}{subsubsection.3.1.1}% 88
\BOOKMARK [3][-]{subsubsection.3.1.2}{\376\377\000V\000a\000r\000i\000a\000b\000l\000e\000s\000\040\000c\000o\000m\000p\000r\000e\000n\000d\000i\000d\000a\000s\000\040\000e\000n\000\040\000e\000l\000\040\000d\000i\000a\000g\000n\000\363\000s\000t\000i\000c\000o}{subsection.3.1}% 89
\BOOKMARK [4][-]{paragraph.3.1.2.1}{\376\377\000A\000c\000t\000i\000v\000o}{subsubsection.3.1.2}% 90
\BOOKMARK [4][-]{paragraph.3.1.2.2}{\376\377\000D\000i\000s\000p\000o\000n\000i\000b\000l\000e\000s}{subsubsection.3.1.2}% 91
\BOOKMARK [4][-]{paragraph.3.1.2.3}{\376\377\000R\000e\000a\000l\000i\000z\000a\000b\000l\000e\000s}{subsubsection.3.1.2}% 92
\BOOKMARK [4][-]{paragraph.3.1.2.4}{\376\377\000I\000n\000v\000e\000r\000s\000i\000o\000n\000e\000s\000\040\000t\000e\000m\000p\000o\000r\000a\000r\000i\000a\000s}{subsubsection.3.1.2}% 93
\BOOKMARK [4][-]{paragraph.3.1.2.5}{\376\377\000P\000a\000s\000i\000v\000o\000s}{subsubsection.3.1.2}% 94
\BOOKMARK [4][-]{paragraph.3.1.2.6}{\376\377\000P\000a\000t\000r\000i\000m\000o\000n\000i\000o}{subsubsection.3.1.2}% 95
\BOOKMARK [4][-]{paragraph.3.1.2.7}{\376\377\000C\000a\000r\000t\000e\000r\000a\000\040\000e\000n\000\040\000m\000o\000r\000a}{subsubsection.3.1.2}% 96
\BOOKMARK [4][-]{paragraph.3.1.2.8}{\376\377\000C\000a\000r\000t\000e\000r\000a\000\040\000B\000r\000u\000t\000a}{subsubsection.3.1.2}% 97
\BOOKMARK [4][-]{paragraph.3.1.2.9}{\376\377\000C\000a\000r\000t\000e\000r\000a\000\040\000r\000e\000p\000r\000o\000g\000r\000a\000m\000a\000d\000a\000\040\000t\000o\000t\000a\000l}{subsubsection.3.1.2}% 98
\BOOKMARK [4][-]{paragraph.3.1.2.10}{\376\377\000P\000r\000e\000v\000i\000s\000i\000\363\000n\000\040\000d\000e\000\040\000c\000a\000r\000t\000e\000r\000a}{subsubsection.3.1.2}% 99
\BOOKMARK [4][-]{paragraph.3.1.2.11}{\376\377\000C\000o\000n\000t\000i\000n\000g\000e\000n\000t\000e}{subsubsection.3.1.2}% 100
\BOOKMARK [4][-]{paragraph.3.1.2.12}{\376\377\000G\000a\000s\000t\000o\000s\000\040\000a\000d\000m\000i\000n\000i\000s\000t\000r\000a\000t\000i\000v\000o\000s}{subsubsection.3.1.2}% 101
\BOOKMARK [4][-]{paragraph.3.1.2.13}{\376\377\000I\000m\000p\000u\000e\000s\000t\000o\000s}{subsubsection.3.1.2}% 102
\BOOKMARK [4][-]{paragraph.3.1.2.14}{\376\377\000R\000e\000s\000u\000l\000t\000a\000d\000o\000\040\000o\000p\000e\000r\000a\000t\000i\000v\000o\000\040\000b\000r\000u\000t\000o\000\040\000\050\000R\000O\000B\000\051}{subsubsection.3.1.2}% 103
\BOOKMARK [4][-]{paragraph.3.1.2.15}{\376\377\000R\000e\000s\000u\000l\000t\000a\000d\000o\000\040\000n\000e\000t\000o\000\040\000d\000e\000\040\000l\000a\000\040\000g\000e\000s\000t\000i\000\363\000n\000\040\000\050\000R\000N\000G\000\051}{subsubsection.3.1.2}% 104
\BOOKMARK [2][-]{subsection.3.2}{\376\377\000C\000\341\000l\000c\000u\000l\000o\000\040\000d\000e\000\040\000i\000n\000d\000i\000c\000a\000d\000o\000r\000e\000s}{section.3}% 105
\BOOKMARK [3][-]{subsubsection.3.2.1}{\376\377\000I\000n\000d\000i\000c\000a\000d\000o\000r\000e\000s\000\040\000d\000e\000\040\000c\000a\000p\000i\000t\000a\000l}{subsection.3.2}% 106
\BOOKMARK [4][-]{paragraph.3.2.1.1}{\376\377\000C\000o\000e\000f\000i\000c\000i\000e\000n\000t\000e\000\040\000d\000e\000\040\000a\000d\000e\000c\000u\000a\000c\000i\000\363\000n\000\040\000p\000a\000t\000r\000i\000m\000o\000n\000i\000a\000l\000\040\000\050\000C\000A\000P\000\051}{subsubsection.3.2.1}% 107
\BOOKMARK [4][-]{paragraph.3.2.1.2}{\376\377\000C\000o\000e\000f\000i\000c\000i\000e\000n\000t\000e\000\040\000d\000e\000\040\000c\000o\000b\000e\000r\000t\000u\000r\000a\000\040\000d\000e\000\040\000c\000a\000r\000t\000e\000r\000a\000\040\000e\000n\000\040\000m\000o\000r\000a\000\040\000\050\000C\000C\000C\000M\000\051}{subsubsection.3.2.1}% 108
\BOOKMARK [4][-]{paragraph.3.2.1.3}{\376\377\000C\000o\000e\000f\000i\000c\000i\000e\000n\000t\000e\000\040\000\341\000c\000i\000d\000o\000\040\000d\000e\000\040\000c\000o\000b\000e\000r\000t\000u\000r\000a\000\040\000d\000e\000\040\000c\000a\000r\000t\000e\000r\000a\000\040\000e\000n\000\040\000m\000o\000r\000a\000\040\000\050\000C\000A\000C\000C\000M\000\051}{subsubsection.3.2.1}% 109
\BOOKMARK [4][-]{paragraph.3.2.1.4}{\376\377\000C\000o\000e\000f\000i\000c\000i\000e\000n\000t\000e\000\040\000d\000e\000\040\000c\000o\000b\000e\000r\000t\000u\000r\000a\000\040\000p\000a\000t\000r\000i\000m\000o\000n\000i\000a\000l\000\040\000\050\000C\000C\000P\000\051}{subsubsection.3.2.1}% 110
\BOOKMARK [3][-]{subsubsection.3.2.2}{\376\377\000I\000n\000d\000i\000c\000a\000d\000o\000r\000e\000s\000\040\000d\000e\000\040\000a\000c\000t\000i\000v\000o\000s}{subsection.3.2}% 111
\BOOKMARK [4][-]{paragraph.3.2.2.1}{\376\377\000C\000o\000e\000f\000i\000c\000i\000e\000n\000t\000e\000\040\000d\000e\000\040\000e\000x\000p\000o\000s\000i\000c\000i\000\363\000n\000\040\000d\000e\000\040\000c\000a\000r\000t\000e\000r\000a\000\040\000\050\000C\000E\000C\000\051}{subsubsection.3.2.2}% 112
\BOOKMARK [4][-]{paragraph.3.2.2.2}{\376\377\000C\000o\000e\000f\000i\000c\000i\000e\000n\000t\000e\000\040\000d\000e\000\040\000p\000r\000e\000v\000i\000s\000i\000\363\000n\000\040\000d\000e\000\040\000c\000a\000r\000t\000e\000r\000a\000\040\000\050\000C\000P\000C\000\051}{subsubsection.3.2.2}% 113
\BOOKMARK [4][-]{paragraph.3.2.2.3}{\376\377\000C\000o\000e\000f\000i\000c\000i\000e\000n\000t\000e\000\040\000d\000e\000\040\000p\000r\000e\000v\000i\000s\000i\000\363\000n\000\040\000d\000e\000\040\000c\000a\000r\000t\000e\000r\000a\000\040\000e\000n\000\040\000m\000o\000r\000a\000\040\000\050\000C\000P\000C\000M\000\051}{subsubsection.3.2.2}% 114
\BOOKMARK [4][-]{paragraph.3.2.2.4}{\376\377\000C\000o\000e\000f\000i\000c\000i\000e\000n\000t\000e\000\040\000d\000e\000\040\000r\000e\000p\000o\000s\000i\000c\000i\000\363\000n\000\040\000d\000e\000\040\000c\000a\000r\000t\000e\000r\000a\000\040\000\050\000C\000R\000C\000\051}{subsubsection.3.2.2}% 115
\BOOKMARK [3][-]{subsubsection.3.2.3}{\376\377\000I\000n\000d\000i\000c\000a\000d\000o\000r\000e\000s\000\040\000d\000e\000\040\000a\000d\000m\000i\000n\000i\000s\000t\000r\000a\000c\000i\000\363\000n}{subsection.3.2}% 116
\BOOKMARK [4][-]{paragraph.3.2.3.1}{\376\377\000C\000o\000e\000f\000i\000c\000i\000e\000n\000t\000e\000\040\000d\000e\000\040\000c\000o\000b\000e\000r\000t\000u\000r\000a\000\040\000g\000a\000s\000t\000o\000s\000\040\000a\000d\000m\000i\000n\000i\000s\000t\000r\000a\000t\000i\000v\000o\000s\000\040\000\050\000C\000C\000G\000A\000\051}{subsubsection.3.2.3}% 117
\BOOKMARK [4][-]{paragraph.3.2.3.2}{\376\377\000C\000o\000e\000f\000i\000c\000i\000e\000n\000t\000e\000\040\000\341\000c\000i\000d\000o\000\040\000d\000e\000\040\000c\000o\000b\000e\000r\000t\000u\000r\000a\000\040\000g\000a\000s\000t\000o\000s\000\040\000a\000d\000m\000i\000n\000i\000s\000t\000r\000a\000t\000i\000v\000o\000s\000\040\000\050\000C\000A\000C\000G\000A\000\051}{subsubsection.3.2.3}% 118
\BOOKMARK [3][-]{subsubsection.3.2.4}{\376\377\000I\000n\000d\000i\000c\000a\000d\000o\000r\000e\000s\000\040\000d\000e\000\040\000b\000e\000n\000e\000f\000i\000c\000i\000o\000s}{subsection.3.2}% 119
\BOOKMARK [4][-]{paragraph.3.2.4.1}{\376\377\000C\000o\000e\000f\000i\000c\000i\000e\000n\000t\000e\000\040\000d\000e\000\040\000r\000e\000n\000d\000i\000m\000i\000e\000n\000t\000o\000\040\000s\000o\000b\000r\000e\000\040\000a\000c\000t\000i\000v\000o\000s\000\040\000\050\000R\000O\000A\000\051}{subsubsection.3.2.4}% 120
\BOOKMARK [4][-]{paragraph.3.2.4.2}{\376\377\000C\000o\000e\000f\000i\000c\000i\000e\000n\000t\000e\000\040\000d\000e\000\040\000r\000e\000n\000d\000i\000m\000i\000e\000n\000t\000o\000\040\000s\000o\000b\000r\000e\000\040\000p\000a\000t\000r\000i\000m\000o\000n\000i\000o\000\040\000\050\000R\000O\000E\000\051}{subsubsection.3.2.4}% 121
\BOOKMARK [3][-]{subsubsection.3.2.5}{\376\377\000I\000n\000d\000i\000c\000a\000d\000o\000r\000e\000s\000\040\000d\000e\000\040\000l\000i\000q\000u\000i\000d\000e\000z}{subsection.3.2}% 122
\BOOKMARK [4][-]{paragraph.3.2.5.1}{\376\377\000C\000o\000e\000f\000i\000c\000i\000e\000n\000t\000e\000\040\000d\000e\000\040\000c\000a\000p\000a\000c\000i\000d\000a\000d\000\040\000d\000e\000\040\000p\000a\000g\000o\000\040\000f\000r\000e\000n\000t\000e\000\040\000a\000\040\000p\000a\000s\000i\000v\000o\000s\000\040\000\050\000C\000C\000P\000P\000\051}{subsubsection.3.2.5}% 123
\BOOKMARK [4][-]{paragraph.3.2.5.2}{\376\377\000C\000o\000e\000f\000i\000c\000i\000e\000n\000t\000e\000\040\000\341\000c\000i\000d\000o\000\040\000d\000e\000\040\000c\000a\000p\000a\000c\000i\000d\000a\000d\000\040\000d\000e\000\040\000p\000a\000g\000o\000\040\000f\000r\000e\000n\000t\000e\000\040\000a\000\040\000p\000a\000s\000i\000v\000o\000s\000\040\000\050\000C\000A\000C\000P\000P\000\051}{subsubsection.3.2.5}% 124
\BOOKMARK [2][-]{subsection.3.3}{\376\377\000D\000e\000f\000i\000n\000i\000c\000i\000\363\000n\000\040\000d\000e\000\040\000r\000a\000n\000g\000o\000s\000\040\000y\000\040\000l\000\355\000m\000i\000t\000e\000s\000\040\000d\000e\000\040\000l\000o\000s\000\040\000i\000n\000d\000i\000c\000a\000d\000o\000r\000e\000s\000\040\000C\000A\000M\000E\000L}{section.3}% 125
\BOOKMARK [3][-]{subsubsection.3.3.1}{\376\377\000R\000a\000n\000g\000o\000s\000\040\000C\000A\000M\000E\000L\000\040\000f\000l\000e\000x\000i\000b\000l\000e\000s}{subsection.3.3}% 126
\BOOKMARK [3][-]{subsubsection.3.3.2}{\376\377\000R\000a\000n\000g\000o\000s\000\040\000C\000A\000M\000E\000L\000\040\000e\000s\000t\000r\000i\000c\000t\000o\000s}{subsection.3.3}% 127
\BOOKMARK [2][-]{subsection.3.4}{\376\377\000P\000o\000n\000d\000e\000r\000a\000c\000i\000\363\000n\000\040\000d\000e\000\040\000e\000l\000e\000m\000e\000n\000t\000o\000s\000\040\000C\000A\000M\000E\000L}{section.3}% 128
\BOOKMARK [2][-]{subsection.3.5}{\376\377\000R\000e\000s\000u\000l\000t\000a\000d\000o\000s\000\040\000C\000A\000M\000E\000L\000\040\000d\000e\000l\000\040\000s\000i\000s\000t\000e\000m\000a\000\040\000f\000i\000n\000a\000n\000c\000i\000e\000r\000o}{section.3}% 129
\BOOKMARK [3][-]{subsubsection.3.5.1}{\376\377\000C\000a\000l\000i\000f\000i\000c\000a\000c\000i\000\363\000n\000\040\000C\000A\000M\000E\000L}{subsection.3.5}% 130
\BOOKMARK [1][-]{section.4}{\376\377\000P\000R\000O\000N\000\323\000S\000T\000I\000C\000O\000\040\000D\000E\000\040\000E\000S\000T\000A\000D\000O\000S\000\040\000F\000I\000N\000A\000N\000C\000I\000E\000R\000O\000S\000\040\000P\000O\000R\000\040\000R\000E\000D\000E\000S\000\040\000N\000E\000U\000R\000O\000N\000A\000L\000E\000S\000\040\000A\000R\000T\000I\000F\000I\000C\000I\000A\000L\000E\000S}{}% 131
\BOOKMARK [2][-]{subsection.4.1}{\376\377\000P\000r\000e\000c\000i\000s\000i\000o\000n\000e\000s\000\040\000d\000e\000\040\000l\000o\000s\000\040\000p\000r\000o\000n\000\363\000s\000t\000i\000c\000o\000s\000\040\000d\000e\000\040\000e\000s\000t\000a\000d\000o\000s\000\040\000f\000i\000n\000a\000n\000c\000i\000e\000r\000o\000s}{section.4}% 132
\BOOKMARK [3][-]{subsubsection.4.1.1}{\376\377\000S\000e\000r\000i\000e\000s\000\040\000d\000e\000\040\000t\000i\000e\000m\000p\000o}{subsection.4.1}% 133
\BOOKMARK [3][-]{subsubsection.4.1.2}{\376\377\000M\000o\000d\000e\000l\000o\000s}{subsection.4.1}% 134
\BOOKMARK [4][-]{paragraph.4.1.2.1}{\376\377\000M\000o\000d\000e\000l\000o\000\040\000c\000l\000\341\000s\000i\000c\000o\000\040\000d\000e\000\040\000s\000e\000r\000i\000e\000s\000\040\000d\000e\000\040\000t\000i\000e\000m\000p\000o\000\040\000\050\000M\000C\000O\000\051}{subsubsection.4.1.2}% 135
\BOOKMARK [4][-]{paragraph.4.1.2.2}{\376\377\000M\000o\000d\000e\000l\000o\000\040\000a\000u\000t\000o\000r\000r\000e\000g\000r\000e\000s\000i\000v\000o\000\040\000i\000n\000t\000e\000g\000r\000a\000d\000o\000\040\000d\000e\000\040\000m\000e\000d\000i\000a\000\040\000m\000\363\000v\000i\000l\000\040\000\050\000A\000R\000I\000M\000A\000\051}{subsubsection.4.1.2}% 136
\BOOKMARK [4][-]{paragraph.4.1.2.3}{\376\377\000R\000e\000d\000e\000s\000\040\000n\000e\000u\000r\000o\000n\000a\000l\000e\000s\000\040\000\050\000N\000N\000\051}{subsubsection.4.1.2}% 137
\BOOKMARK [3][-]{subsubsection.4.1.3}{\376\377\000E\000v\000a\000l\000u\000a\000c\000i\000\363\000n\000\040\000d\000e\000\040\000m\000o\000d\000e\000l\000o\000s}{subsection.4.1}% 138
\BOOKMARK [4][-]{paragraph.4.1.3.1}{\376\377\000R\0002\000\040\000s\000o\000b\000r\000e\000\040\000d\000a\000t\000o\000s\000\040\000d\000e\000\040\000e\000n\000t\000r\000e\000n\000a\000m\000i\000e\000n\000t\000o}{subsubsection.4.1.3}% 139
\BOOKMARK [4][-]{paragraph.4.1.3.2}{\376\377\000R\0002\000\040\000s\000o\000b\000r\000e\000\040\000d\000a\000t\000o\000s\000\040\000d\000e\000\040\000p\000r\000u\000e\000b\000a}{subsubsection.4.1.3}% 140
\BOOKMARK [4][-]{paragraph.4.1.3.3}{\376\377\000C\000a\000p\000a\000c\000i\000d\000a\000d\000\040\000d\000e\000\040\000g\000e\000n\000e\000r\000a\000l\000i\000z\000a\000c\000i\000\363\000n\000\040\000d\000e\000l\000\040\000m\000o\000d\000e\000l\000o}{subsubsection.4.1.3}% 141
\BOOKMARK [3][-]{subsubsection.4.1.4}{\376\377\000V\000a\000r\000i\000a\000b\000l\000e\000s\000\040\000c\000o\000m\000p\000r\000e\000n\000d\000i\000d\000a\000s}{subsection.4.1}% 142
\BOOKMARK [2][-]{subsection.4.2}{\376\377\000E\000n\000t\000r\000e\000n\000a\000m\000i\000e\000n\000t\000o\000\040\000d\000e\000\040\000m\000o\000d\000e\000l\000o\000s\000,\000\040\000p\000r\000o\000y\000e\000c\000c\000i\000o\000n\000e\000s\000\040\000y\000\040\000s\000i\000m\000u\000l\000a\000c\000i\000o\000n\000e\000s}{section.4}% 143
\BOOKMARK [3][-]{subsubsection.4.2.1}{\376\377\000M\000o\000d\000e\000l\000o\000\040\000c\000l\000\341\000s\000i\000c\000o\000\040\000d\000e\000\040\000s\000e\000r\000i\000e\000s\000\040\000d\000e\000\040\000t\000i\000e\000m\000p\000o}{subsection.4.2}% 144
\BOOKMARK [3][-]{subsubsection.4.2.2}{\376\377\000R\000e\000d\000e\000s\000\040\000n\000e\000u\000r\000o\000n\000a\000l\000e\000s}{subsection.4.2}% 145
\BOOKMARK [3][-]{subsubsection.4.2.3}{\376\377\000A\000R\000I\000M\000A}{subsection.4.2}% 146
\BOOKMARK [3][-]{subsubsection.4.2.4}{\376\377\000E\000f\000i\000c\000i\000e\000n\000c\000i\000a\000\040\000d\000e\000\040\000l\000o\000s\000\040\000m\000o\000d\000e\000l\000o\000s\000\040\000e\000n\000\040\000e\000l\000\040\000e\000n\000t\000r\000e\000n\000a\000m\000i\000e\000n\000t\000o}{subsection.4.2}% 147
\BOOKMARK [3][-]{subsubsection.4.2.5}{\376\377\000E\000f\000i\000c\000i\000e\000n\000c\000i\000a\000\040\000d\000e\000\040\000l\000o\000s\000\040\000m\000o\000d\000e\000l\000o\000s\000\040\000e\000n\000\040\000l\000o\000s\000\040\000p\000r\000o\000n\000\363\000s\000t\000i\000c\000o\000s}{subsection.4.2}% 148
\BOOKMARK [3][-]{subsubsection.4.2.6}{\376\377\000S\000i\000m\000u\000l\000a\000c\000i\000\363\000n\000\040\000d\000e\000\040\000p\000r\000o\000y\000e\000c\000c\000i\000o\000n\000e\000s}{subsection.4.2}% 149
\BOOKMARK [2][-]{subsection.4.3}{\376\377\000E\000v\000a\000l\000u\000a\000c\000i\000\363\000n\000\040\000d\000e\000\040\000d\000a\000t\000o\000s\000\040\000a\000j\000u\000s\000t\000a\000d\000o\000s\000\040\000d\000e\000\040\000m\000o\000d\000e\000l\000o\000s}{section.4}% 150
\BOOKMARK [2][-]{subsection.4.4}{\376\377\000E\000v\000a\000l\000u\000a\000c\000i\000\363\000n\000\040\000d\000e\000\040\000d\000a\000t\000o\000s\000\040\000p\000r\000o\000y\000e\000c\000t\000a\000d\000o\000s\000\040\000d\000e\000\040\000m\000o\000d\000e\000l\000o\000s}{section.4}% 151
\BOOKMARK [2][-]{subsection.4.5}{\376\377\000A\000p\000l\000i\000c\000a\000c\000i\000\363\000n\000\040\000d\000e\000\040\000m\000e\000t\000o\000d\000o\000l\000o\000g\000\355\000a\000\040\000C\000A\000M\000E\000L\000\040\000s\000o\000b\000r\000e\000\040\000d\000a\000t\000o\000s\000\040\000p\000r\000o\000y\000e\000c\000t\000a\000d\000o\000s}{section.4}% 152
\BOOKMARK [2][-]{subsection.4.6}{\376\377\000E\000s\000t\000a\000d\000o\000s\000\040\000f\000i\000n\000a\000n\000c\000i\000e\000r\000o\000s\000\040\000p\000r\000o\000y\000e\000c\000t\000a\000d\000o\000s}{section.4}% 153
\BOOKMARK [3][-]{subsubsection.4.6.1}{\376\377\000B\000a\000l\000a\000n\000c\000e\000\040\000g\000e\000n\000e\000r\000a\000l\000\040\000p\000r\000o\000y\000e\000c\000t\000a\000d\000o}{subsection.4.6}% 154
\BOOKMARK [3][-]{subsubsection.4.6.2}{\376\377\000E\000s\000t\000a\000d\000o\000\040\000d\000e\000\040\000r\000e\000s\000u\000l\000t\000a\000d\000o\000s\000\040\000p\000r\000o\000y\000e\000c\000t\000a\000d\000o}{subsection.4.6}% 155
\BOOKMARK [1][-]{section.5}{\376\377\000C\000O\000N\000C\000L\000U\000S\000I\000O\000N\000E\000S\000\040\000Y\000\040\000R\000E\000C\000O\000M\000E\000N\000D\000A\000C\000I\000O\000N\000E\000S}{}% 156
\BOOKMARK [2][-]{subsection.5.1}{\376\377\000C\000o\000n\000c\000l\000u\000s\000i\000\363\000n\000\040\000y\000\040\000r\000e\000c\000o\000m\000e\000n\000d\000a\000c\000i\000\363\000n\000\040\000r\000e\000s\000p\000e\000c\000t\000o\000\040\000a\000l\000\040\000d\000i\000a\000g\000n\000\363\000s\000t\000i\000c\000o\000\040\000f\000i\000n\000a\000n\000c\000i\000e\000r\000o\000\040\000r\000e\000a\000l\000i\000z\000a\000d\000o}{section.5}% 157
\BOOKMARK [2][-]{subsection.5.2}{\376\377\000C\000o\000n\000c\000l\000u\000s\000i\000\363\000n\000\040\000y\000\040\000r\000e\000c\000o\000m\000e\000n\000d\000a\000c\000i\000\363\000n\000\040\000r\000e\000s\000p\000e\000c\000t\000o\000\040\000a\000\040\000l\000a\000\040\000d\000e\000f\000i\000n\000i\000c\000i\000\363\000n\000\040\000d\000e\000\040\000l\000a\000\040\000r\000e\000d\000\040\000d\000e\000\040\000n\000e\000u\000r\000o\000n\000a\000s\000\040\000a\000r\000t\000i\000f\000i\000c\000i\000a\000l\000e\000s}{section.5}% 158
\BOOKMARK [2][-]{subsection.5.3}{\376\377\000C\000o\000n\000c\000l\000u\000s\000i\000\363\000n\000\040\000y\000\040\000r\000e\000c\000o\000m\000e\000n\000d\000a\000c\000i\000\363\000n\000\040\000r\000e\000s\000p\000e\000c\000t\000o\000\040\000a\000\040\000l\000a\000\040\000p\000r\000o\000y\000e\000c\000c\000i\000\363\000n\000\040\000d\000e\000\040\000l\000o\000s\000\040\000e\000s\000t\000a\000d\000o\000s\000\040\000f\000i\000n\000a\000n\000c\000i\000e\000r\000o\000s}{section.5}% 159
\BOOKMARK [2][-]{subsection.5.4}{\376\377\000C\000o\000n\000c\000l\000u\000s\000i\000\363\000n\000\040\000y\000\040\000r\000e\000c\000o\000m\000e\000n\000d\000a\000c\000i\000\363\000n\000\040\000r\000e\000s\000p\000e\000c\000t\000o\000\040\000a\000\040\000l\000a\000\040\000e\000v\000a\000l\000u\000a\000c\000i\000\363\000n\000\040\000d\000e\000\040\000l\000o\000s\000\040\000d\000a\000t\000o\000s\000\040\000p\000r\000o\000y\000e\000c\000t\000a\000d\000o\000s\000-\000s\000i\000m\000u\000l\000a\000d\000o\000s}{section.5}% 160
\BOOKMARK [2][-]{subsection.5.5}{\376\377\000C\000o\000n\000c\000l\000u\000s\000i\000\363\000n\000\040\000y\000\040\000r\000e\000c\000o\000m\000e\000n\000d\000a\000c\000i\000\363\000n\000\040\000g\000e\000n\000e\000r\000a\000l}{section.5}% 161
\BOOKMARK [1][-]{section*.50}{\376\377\000R\000E\000F\000E\000R\000E\000N\000C\000I\000A\000S\000\040\000B\000I\000B\000L\000I\000O\000G\000R\000F\000I\000C\000A\000S}{}% 162
\BOOKMARK [1][-]{section*.51}{\376\377\000A\000N\000E\000X\000O\000S}{}% 163
\BOOKMARK [2][-]{anexosms.1}{\376\377\000C\000a\000r\000t\000a\000\040\000s\000o\000l\000i\000c\000i\000t\000u\000d\000\040\000p\000e\000r\000m\000i\000s\000o\000\040\000u\000s\000o\000\040\000d\000e\000\040\000d\000a\000t\000o\000s\000\040\000A\000S\000F\000I}{section*.51}% 164
\BOOKMARK [2][-]{anexosms.2}{\376\377\000R\000e\000s\000p\000u\000e\000s\000t\000a\000\040\000a\000\040\000s\000o\000l\000i\000c\000i\000t\000u\000d\000\040\000u\000s\000o\000\040\000d\000e\000\040\000d\000a\000t\000o\000s\000\040\000A\000S\000F\000I}{section*.51}% 165
\BOOKMARK [2][-]{anexosms.3}{\376\377\000F\000i\000n\000a\000n\000z\000a\000s\000\040\000y\000\040\000r\000e\000d\000e\000s\000\040\000n\000e\000u\000r\000o\000n\000a\000l\000e\000s}{section*.51}% 166
\BOOKMARK [3][-]{subsubsection*.54}{\376\377\000F\000i\000n\000a\000n\000z\000a\000s}{anexosms.3}% 167
\BOOKMARK [3][-]{subsubsection*.55}{\376\377\000R\000e\000d\000e\000s\000\040\000n\000e\000u\000r\000o\000n\000a\000l\000e\000s}{anexosms.3}% 168
\BOOKMARK [2][-]{anexosms.4}{\376\377\000M\000\351\000t\000o\000d\000o\000\040\000d\000e\000\040\000m\000i\000n\000i\000m\000o\000s\000\040\000c\000u\000a\000d\000r\000a\000d\000o\000s\000\040\000o\000r\000d\000i\000n\000a\000r\000i\000o\000s}{section*.51}% 169
\BOOKMARK [2][-]{anexosms.5}{\376\377\000K\000w\000i\000a\000t\000k\000o\000w\000s\000k\000i\000-\000P\000h\000i\000l\000l\000i\000p\000s\000-\000S\000c\000h\000m\000i\000d\000t\000-\000S\000h\000i\000n}{section*.51}% 170
\BOOKMARK [2][-]{anexosms.6}{\376\377\000A\000l\000g\000o\000r\000i\000t\000m\000o\000\040\000d\000e\000\040\000B\000r\000o\000y\000d\000e\000n\000-\000F\000l\000e\000t\000c\000h\000e\000r\000-\000G\000o\000l\000d\000f\000a\000r\000b\000-\000S\000h\000a\000n\000n\000o}{section*.51}% 171
\BOOKMARK [2][-]{anexosms.7}{\376\377\000C\000r\000i\000t\000e\000r\000i\000o\000\040\000d\000e\000\040\000i\000n\000f\000o\000r\000m\000a\000c\000i\000\363\000n\000\040\000d\000e\000\040\000A\000k\000a\000i\000k\000e\000\040\000c\000o\000r\000r\000e\000g\000i\000d\000o\000o}{section*.51}% 172
\BOOKMARK [2][-]{anexosms.8}{\376\377\000E\000n\000t\000i\000d\000a\000d\000e\000s\000\040\000f\000i\000n\000a\000n\000c\000i\000e\000r\000a\000s\000\040\000c\000o\000m\000p\000r\000e\000n\000d\000i\000d\000a\000s\000\040\000e\000n\000\040\000e\000l\000\040\000d\000i\000a\000g\000n\000o\000s\000t\000i\000c\000o}{section*.51}% 173
\BOOKMARK [3][-]{section*.56}{\376\377\000B\000a\000n\000c\000o\000s\000\040\000m\000\372\000l\000t\000i\000p\000l\000e\000s}{anexosms.8}% 174
\BOOKMARK [3][-]{section*.57}{\376\377\000B\000a\000n\000c\000o\000s\000\040\000P\000Y\000M\000E}{anexosms.8}% 175
\BOOKMARK [3][-]{section*.58}{\376\377\000B\000a\000n\000c\000o\000s\000\040\000d\000e\000\040\000d\000e\000s\000a\000r\000r\000o\000l\000l\000o\000\040\000p\000r\000o\000d\000u\000c\000t\000i\000v\000o}{anexosms.8}% 176
\BOOKMARK [3][-]{section*.59}{\376\377\000I\000n\000s\000t\000i\000t\000u\000c\000i\000o\000n\000e\000s\000\040\000f\000i\000n\000a\000n\000c\000i\000e\000r\000a\000s\000\040\000d\000e\000\040\000d\000e\000s\000a\000r\000r\000o\000l\000l\000o}{anexosms.8}% 177
\BOOKMARK [3][-]{section*.60}{\376\377\000E\000n\000t\000i\000d\000a\000d\000e\000s\000\040\000f\000i\000n\000a\000n\000c\000i\000e\000r\000a\000s\000\040\000d\000e\000\040\000v\000i\000v\000i\000e\000n\000d\000a}{anexosms.8}% 178
\BOOKMARK [3][-]{section*.61}{\376\377\000C\000o\000o\000p\000e\000r\000a\000t\000i\000v\000a\000s\000\040\000d\000e\000\040\000a\000h\000o\000r\000r\000o\000\040\000y\000\040\000c\000r\000e\000d\000i\000t\000o}{anexosms.8}% 179
\BOOKMARK [2][-]{anexosms.9}{\376\377\000G\000r\000a\000f\000i\000c\000o\000s\000\040\000d\000e\000\040\000p\000r\000o\000y\000e\000c\000c\000i\000o\000n\000e\000s\000\040\000d\000e\000\040\000m\000o\000d\000e\000l\000o\000s\000\040\000p\000o\000r\000\040\000c\000u\000e\000n\000t\000a}{section*.51}% 180
\BOOKMARK [3][-]{section*.62}{\376\377\000D\000i\000s\000p\000o\000n\000i\000b\000i\000l\000i\000d\000a\000d\000e\000s}{anexosms.9}% 181
\BOOKMARK [3][-]{section*.65}{\376\377\000B\000i\000e\000n\000e\000s\000\040\000D\000e\000\040\000U\000s\000o}{anexosms.9}% 182
\BOOKMARK [3][-]{section*.68}{\376\377\000B\000i\000e\000n\000e\000s\000\040\000R\000e\000a\000l\000i\000z\000a\000b\000l\000e\000s}{anexosms.9}% 183
\BOOKMARK [3][-]{section*.71}{\376\377\000C\000a\000r\000t\000e\000r\000a}{anexosms.9}% 184
\BOOKMARK [3][-]{section*.74}{\376\377\000C\000a\000r\000t\000e\000r\000a\000\040\000E\000j\000e\000c\000u\000c\000i\000o\000n\000\040\000T\000o\000t\000a\000l}{anexosms.9}% 185
\BOOKMARK [3][-]{section*.77}{\376\377\000C\000a\000r\000t\000e\000r\000a\000\040\000E\000n\000\040\000E\000j\000e\000c\000u\000c\000i\000o\000n}{anexosms.9}% 186
\BOOKMARK [3][-]{section*.80}{\376\377\000C\000a\000r\000t\000e\000r\000a\000\040\000R\000e\000e\000s\000t\000r\000u\000c\000t\000u\000r\000a\000d\000a\000\040\000E\000n\000\040\000E\000j\000e\000c\000u\000c\000i\000o\000n}{anexosms.9}% 187
\BOOKMARK [3][-]{section*.83}{\376\377\000C\000a\000r\000t\000e\000r\000a\000\040\000R\000e\000e\000s\000t\000r\000u\000c\000t\000u\000r\000a\000d\000a\000\040\000V\000e\000n\000c\000i\000d\000a}{anexosms.9}% 188
\BOOKMARK [3][-]{section*.86}{\376\377\000C\000a\000r\000t\000e\000r\000a\000\040\000R\000e\000e\000s\000t\000r\000u\000c\000t\000u\000r\000a\000d\000a\000\040\000V\000i\000g\000e\000n\000t\000e}{anexosms.9}% 189
\BOOKMARK [3][-]{section*.89}{\376\377\000C\000a\000r\000t\000e\000r\000a\000\040\000R\000e\000p\000r\000o\000g\000r\000a\000m\000a\000d\000a\000\040\000E\000j\000e\000c\000u\000c\000i\000o\000n}{anexosms.9}% 190
\BOOKMARK [3][-]{section*.92}{\376\377\000C\000a\000r\000t\000e\000r\000a\000\040\000R\000e\000p\000r\000o\000g\000r\000a\000m\000a\000d\000a\000\040\000O\000\040\000R\000e\000e\000s\000t\000r\000u\000c\000t\000u\000r\000a\000d\000a\000\040\000E\000n\000\040\000E\000j\000e\000c\000u\000c\000i\000o\000n}{anexosms.9}% 191
\BOOKMARK [3][-]{section*.95}{\376\377\000C\000a\000r\000t\000e\000r\000a\000\040\000R\000e\000p\000r\000o\000g\000r\000a\000m\000a\000d\000a\000\040\000O\000\040\000R\000e\000e\000s\000t\000r\000u\000c\000t\000u\000r\000a\000d\000a\000\040\000V\000e\000n\000c\000i\000d\000a}{anexosms.9}% 192
\BOOKMARK [3][-]{section*.98}{\376\377\000C\000a\000r\000t\000e\000r\000a\000\040\000R\000e\000p\000r\000o\000g\000r\000a\000m\000a\000d\000a\000\040\000O\000\040\000R\000e\000e\000s\000t\000r\000u\000c\000t\000u\000r\000a\000d\000a\000\040\000V\000i\000g\000e\000n\000t\000e}{anexosms.9}% 193
\BOOKMARK [3][-]{section*.101}{\376\377\000C\000a\000r\000t\000e\000r\000a\000\040\000R\000e\000p\000r\000o\000g\000r\000a\000m\000a\000d\000a\000\040\000V\000e\000n\000c\000i\000d\000a}{anexosms.9}% 194
\BOOKMARK [3][-]{section*.104}{\376\377\000C\000a\000r\000t\000e\000r\000a\000\040\000R\000e\000p\000r\000o\000g\000r\000a\000m\000a\000d\000a\000\040\000V\000i\000g\000e\000n\000t\000e}{anexosms.9}% 195
\BOOKMARK [3][-]{section*.107}{\376\377\000C\000a\000r\000t\000e\000r\000a\000\040\000V\000e\000n\000c\000i\000d\000a}{anexosms.9}% 196
\BOOKMARK [3][-]{section*.110}{\376\377\000C\000a\000r\000t\000e\000r\000a\000\040\000V\000e\000n\000c\000i\000d\000a\000\040\000T\000o\000t\000a\000l}{anexosms.9}% 197
\BOOKMARK [3][-]{section*.113}{\376\377\000C\000a\000r\000t\000e\000r\000a\000\040\000V\000i\000g\000e\000n\000t\000e}{anexosms.9}% 198
\BOOKMARK [3][-]{section*.116}{\376\377\000C\000a\000r\000t\000e\000r\000a\000\040\000V\000i\000g\000e\000n\000t\000e\000\040\000T\000o\000t\000a\000l}{anexosms.9}% 199
\BOOKMARK [3][-]{section*.119}{\376\377\000P\000r\000e\000v\000i\000s\000i\000o\000n\000\040\000P\000a\000r\000a\000\040\000I\000n\000c\000o\000b\000r\000a\000b\000i\000l\000i\000d\000a\000d\000\040\000D\000e\000\040\000C\000a\000r\000t\000e\000r\000a}{anexosms.9}% 200
\BOOKMARK [3][-]{section*.122}{\376\377\000F\000i\000d\000e\000i\000c\000o\000m\000i\000s\000o\000s\000\040\000C\000o\000n\000s\000t\000i\000t\000u\000i\000d\000o\000s}{anexosms.9}% 201
\BOOKMARK [3][-]{section*.125}{\376\377\000I\000n\000v\000e\000r\000s\000i\000o\000n\000e\000s\000\040\000P\000e\000r\000m\000a\000n\000e\000n\000t\000e\000s}{anexosms.9}% 202
\BOOKMARK [3][-]{section*.128}{\376\377\000I\000n\000v\000e\000r\000s\000i\000o\000n\000e\000s\000\040\000T\000e\000m\000p\000o\000r\000a\000r\000i\000a\000s}{anexosms.9}% 203
\BOOKMARK [3][-]{section*.131}{\376\377\000O\000t\000r\000a\000s\000\040\000C\000u\000e\000n\000t\000a\000s\000\040\000P\000o\000r\000\040\000C\000o\000b\000r\000a\000r}{anexosms.9}% 204
\BOOKMARK [3][-]{section*.134}{\376\377\000O\000t\000r\000o\000s\000\040\000A\000c\000t\000i\000v\000o\000s}{anexosms.9}% 205
\BOOKMARK [3][-]{section*.137}{\376\377\000C\000o\000e\000f\000i\000c\000i\000e\000n\000t\000e\000\040\000D\000e\000\040\000A\000d\000e\000c\000u\000a\000c\000i\000o\000n\000\040\000P\000a\000t\000r\000i\000m\000o\000n\000i\000a\000l}{anexosms.9}% 206
\BOOKMARK [3][-]{section*.140}{\376\377\000C\000o\000n\000t\000i\000n\000g\000e\000n\000t\000e\000s\000\040\000D\000e\000u\000d\000o\000r\000a\000s}{anexosms.9}% 207
\BOOKMARK [3][-]{section*.143}{\376\377\000C\000u\000e\000n\000t\000a\000s\000\040\000D\000e\000\040\000O\000r\000d\000e\000n\000\040\000D\000e\000u\000d\000o\000r\000a\000s}{anexosms.9}% 208
\BOOKMARK [3][-]{section*.146}{\376\377\000A\000m\000o\000r\000t\000i\000z\000a\000c\000i\000o\000n\000\040\000D\000e\000\040\000C\000a\000r\000g\000o\000s\000\040\000D\000i\000f\000e\000r\000i\000d\000o\000s\000\040\000Y\000\040\000A\000c\000t\000i\000v\000o\000s\000\040\000I\000n\000t\000a\000n\000g\000i\000b\000l\000e\000s}{anexosms.9}% 209
\BOOKMARK [3][-]{section*.149}{\376\377\000C\000o\000m\000u\000n\000i\000c\000a\000c\000i\000o\000n\000e\000s\000\040\000Y\000\040\000T\000r\000a\000s\000l\000a\000d\000o\000s}{anexosms.9}% 210
\BOOKMARK [3][-]{section*.152}{\376\377\000D\000e\000p\000r\000e\000c\000i\000a\000c\000i\000o\000n\000\040\000Y\000\040\000D\000e\000s\000v\000a\000l\000o\000r\000i\000z\000a\000c\000i\000o\000n\000\040\000D\000e\000\040\000B\000i\000e\000n\000e\000s\000\040\000D\000e\000\040\000U\000s\000o}{anexosms.9}% 211
\BOOKMARK [3][-]{section*.155}{\376\377\000G\000a\000s\000t\000o\000s\000\040\000D\000e\000\040\000A\000d\000m\000i\000n\000i\000s\000t\000r\000a\000c\000i\000o\000n}{anexosms.9}% 212
\BOOKMARK [3][-]{section*.158}{\376\377\000G\000a\000s\000t\000o\000s\000\040\000D\000e\000\040\000P\000e\000r\000s\000o\000n\000a\000l}{anexosms.9}% 213
\BOOKMARK [3][-]{section*.161}{\376\377\000I\000m\000p\000u\000e\000s\000t\000o\000\040\000S\000o\000b\000r\000e\000\040\000L\000a\000s\000\040\000U\000t\000i\000l\000i\000d\000a\000d\000e\000s\000\040\000D\000e\000\040\000L\000a\000s\000\040\000E\000m\000p\000r\000e\000s\000a\000s}{anexosms.9}% 214
\BOOKMARK [3][-]{section*.164}{\376\377\000I\000m\000p\000u\000e\000s\000t\000o\000s}{anexosms.9}% 215
\BOOKMARK [3][-]{section*.167}{\376\377\000M\000a\000n\000t\000e\000n\000i\000m\000i\000e\000n\000t\000o\000\040\000Y\000\040\000R\000e\000p\000a\000r\000a\000c\000i\000o\000n\000e\000s}{anexosms.9}% 216
\BOOKMARK [3][-]{section*.170}{\376\377\000O\000t\000r\000o\000s\000\040\000G\000a\000s\000t\000o\000s\000\040\000D\000e\000\040\000A\000d\000m\000i\000n\000i\000s\000t\000r\000a\000c\000i\000o\000n}{anexosms.9}% 217
\BOOKMARK [3][-]{section*.173}{\376\377\000R\000e\000s\000p\000e\000c\000t\000o\000\040\000A\000j\000u\000s\000t\000e\000\040\000C\000o\000n\000t\000a\000b\000l\000e\000\040\000P\000o\000r\000\040\000E\000f\000e\000c\000t\000o\000\040\000D\000e\000\040\000L\000a\000\040\000I\000n\000f\000l\000a\000c\000i\000o\000n}{anexosms.9}% 218
\BOOKMARK [3][-]{section*.176}{\376\377\000R\000e\000s\000p\000e\000c\000t\000o\000\040\000I\000n\000g\000r\000e\000s\000o\000s\000\040\000G\000a\000s\000t\000o\000s\000\040\000D\000e\000\040\000G\000e\000s\000t\000i\000o\000n\000e\000s\000\040\000A\000n\000t\000e\000r\000i\000o\000r\000e\000s}{anexosms.9}% 219
\BOOKMARK [3][-]{section*.179}{\376\377\000R\000e\000s\000p\000e\000c\000t\000o\000\040\000I\000n\000g\000r\000e\000s\000o\000s\000\040\000G\000a\000s\000t\000o\000s\000\040\000E\000x\000t\000r\000a\000o\000r\000d\000i\000n\000a\000r\000i\000o\000s}{anexosms.9}% 220
\BOOKMARK [3][-]{section*.182}{\376\377\000R\000e\000s\000u\000l\000t\000a\000d\000o\000\040\000A\000n\000t\000e\000s\000\040\000D\000e\000\040\000I\000m\000p\000u\000e\000s\000t\000o\000s}{anexosms.9}% 221
\BOOKMARK [3][-]{section*.185}{\376\377\000R\000e\000s\000u\000l\000t\000a\000d\000o\000\040\000A\000n\000t\000e\000s\000\040\000D\000e\000\040\000I\000m\000p\000u\000e\000s\000t\000o\000s\000\040\000Y\000\040\000A\000j\000u\000s\000t\000e\000\040\000C\000o\000n\000t\000a\000b\000l\000e\000\040\000P\000o\000r\000\040\000E\000f\000e\000c\000t\000o\000\040\000D\000e\000\040\000I\000n\000f\000l\000a\000c\000i\000o\000n}{anexosms.9}% 222
\BOOKMARK [3][-]{section*.188}{\376\377\000R\000e\000s\000u\000l\000t\000a\000d\000o\000\040\000D\000e\000\040\000O\000p\000e\000r\000a\000c\000i\000o\000n\000\040\000D\000e\000s\000p\000u\000e\000s\000\040\000D\000e\000\040\000I\000n\000c\000o\000b\000r\000a\000b\000l\000e\000s}{anexosms.9}% 223
\BOOKMARK [3][-]{section*.191}{\376\377\000R\000e\000s\000u\000l\000t\000a\000d\000o\000\040\000D\000e\000s\000p\000u\000e\000s\000\040\000D\000e\000\040\000A\000j\000u\000s\000t\000e\000\040\000P\000o\000r\000\040\000D\000i\000f\000e\000.\000\040\000D\000e\000\040\000C\000a\000m\000b\000.\000\040\000Y\000\040\000M\000a\000n\000t\000.\000\040\000D\000e\000\040\000V\000a\000l\000o\000r}{anexosms.9}% 224
\BOOKMARK [3][-]{section*.194}{\376\377\000R\000e\000s\000u\000l\000t\000a\000d\000o\000\040\000N\000e\000t\000o\000\040\000D\000e\000l\000\040\000E\000j\000e\000r\000c\000i\000c\000i\000o\000\040\000A\000n\000t\000e\000s\000\040\000D\000e\000\040\000A\000j\000u\000s\000t\000e\000s\000\040\000D\000e\000\040\000G\000e\000s\000t\000i\000o\000n\000e\000s\000\040\000A\000n\000t\000e\000r\000i\000o\000r\000e\000s}{anexosms.9}% 225
\BOOKMARK [3][-]{section*.197}{\376\377\000S\000e\000g\000u\000r\000o\000s}{anexosms.9}% 226
\BOOKMARK [3][-]{section*.200}{\376\377\000S\000e\000r\000v\000i\000c\000i\000o\000s\000\040\000C\000o\000n\000t\000r\000a\000t\000a\000d\000o\000s}{anexosms.9}% 227
\BOOKMARK [3][-]{section*.203}{\376\377\000O\000t\000r\000o\000s\000\040\000G\000a\000s\000t\000o\000s\000\040\000O\000p\000e\000r\000a\000t\000i\000v\000o\000s}{anexosms.9}% 228
\BOOKMARK [3][-]{section*.206}{\376\377\000O\000t\000r\000o\000s\000\040\000I\000n\000g\000r\000e\000s\000o\000s\000\040\000O\000p\000e\000r\000a\000t\000i\000v\000o\000s}{anexosms.9}% 229
\BOOKMARK [3][-]{section*.209}{\376\377\000O\000b\000l\000i\000g\000a\000c\000i\000o\000n\000e\000s\000\040\000C\000o\000n\000\040\000B\000a\000n\000c\000o\000s\000\040\000Y\000\040\000E\000n\000t\000i\000d\000a\000d\000e\000s\000\040\000D\000e\000\040\000F\000i\000n\000a\000n\000c\000i\000a\000m\000i\000e\000n\000t\000o}{anexosms.9}% 230
\BOOKMARK [3][-]{section*.212}{\376\377\000O\000b\000l\000i\000g\000a\000c\000i\000o\000n\000e\000s\000\040\000C\000o\000n\000\040\000E\000l\000\040\000P\000u\000b\000l\000i\000c\000o}{anexosms.9}% 231
\BOOKMARK [3][-]{section*.215}{\376\377\000O\000b\000l\000i\000g\000a\000c\000i\000o\000n\000e\000s\000\040\000C\000o\000n\000\040\000E\000m\000p\000r\000e\000s\000a\000s\000\040\000P\000u\000b\000l\000i\000c\000a\000s}{anexosms.9}% 232
\BOOKMARK [3][-]{section*.218}{\376\377\000O\000b\000l\000i\000g\000a\000c\000i\000o\000n\000e\000s\000\040\000C\000o\000n\000\040\000I\000n\000s\000t\000i\000t\000u\000c\000i\000o\000n\000e\000s\000\040\000F\000i\000s\000c\000a\000l\000e\000s}{anexosms.9}% 233
\BOOKMARK [3][-]{section*.221}{\376\377\000O\000b\000l\000i\000g\000a\000c\000i\000o\000n\000e\000s\000\040\000S\000u\000b\000o\000r\000d\000i\000n\000a\000d\000a\000s}{anexosms.9}% 234
\BOOKMARK [3][-]{section*.224}{\376\377\000O\000t\000r\000a\000s\000\040\000C\000u\000e\000n\000t\000a\000s\000\040\000P\000o\000r\000\040\000P\000a\000g\000a\000r}{anexosms.9}% 235
\BOOKMARK [3][-]{section*.227}{\376\377\000P\000r\000e\000v\000i\000s\000i\000o\000n\000e\000s}{anexosms.9}% 236
\BOOKMARK [3][-]{section*.230}{\376\377\000V\000a\000l\000o\000r\000e\000s\000\040\000E\000n\000\040\000C\000i\000r\000c\000u\000l\000a\000c\000i\000o\000n}{anexosms.9}% 237
\BOOKMARK [3][-]{section*.233}{\376\377\000A\000j\000u\000s\000t\000e\000s\000\040\000A\000l\000\040\000P\000a\000t\000r\000i\000m\000o\000n\000i\000o}{anexosms.9}% 238
\BOOKMARK [3][-]{section*.236}{\376\377\000A\000p\000o\000r\000t\000e\000s\000\040\000N\000o\000\040\000C\000a\000p\000i\000t\000a\000l\000i\000z\000a\000d\000o\000s}{anexosms.9}% 239
\BOOKMARK [3][-]{section*.239}{\376\377\000C\000a\000p\000i\000t\000a\000l\000\040\000S\000o\000c\000i\000a\000l}{anexosms.9}% 240
\BOOKMARK [3][-]{section*.242}{\376\377\000R\000e\000s\000e\000r\000v\000a\000s}{anexosms.9}% 241
\BOOKMARK [3][-]{section*.245}{\376\377\000R\000e\000s\000u\000l\000t\000a\000d\000o\000s\000\040\000A\000c\000u\000m\000u\000l\000a\000d\000o\000s}{anexosms.9}% 242
\BOOKMARK [2][-]{anexosms.10}{\376\377\000I\000n\000d\000i\000c\000a\000d\000o\000r\000e\000s\000\040\000C\000A\000M\000E\000L\000\040\000c\000a\000l\000c\000u\000l\000a\000d\000o\000s}{section*.51}% 243
\BOOKMARK [3][-]{subsubsection*.248}{\376\377\000I\000n\000d\000i\000c\000a\000d\000o\000r\000e\000s\000\040\000d\000e\000\040\000c\000a\000p\000i\000t\000a\000l}{anexosms.10}% 244
\BOOKMARK [3][-]{subsubsection*.249}{\376\377\000I\000n\000d\000i\000c\000a\000d\000o\000r\000e\000s\000\040\000d\000e\000\040\000a\000c\000t\000i\000v\000o\000s}{anexosms.10}% 245
\BOOKMARK [3][-]{subsubsection*.250}{\376\377\000I\000n\000d\000i\000c\000a\000d\000o\000r\000e\000s\000\040\000d\000e\000\040\000a\000d\000m\000i\000n\000i\000s\000t\000r\000a\000c\000i\000\363\000n\000\040\000y\000\040\000r\000e\000n\000t\000a\000b\000i\000l\000i\000d\000a\000d}{anexosms.10}% 246
\BOOKMARK [3][-]{subsubsection*.251}{\376\377\000I\000n\000d\000i\000c\000a\000d\000o\000r\000e\000s\000\040\000d\000e\000\040\000l\000i\000q\000u\000i\000d\000e\000z}{anexosms.10}% 247
\BOOKMARK [2][-]{anexosms.11}{\376\377\000C\000a\000l\000i\000f\000i\000c\000a\000c\000i\000o\000n\000e\000s\000\040\000C\000A\000M\000E\000L}{section*.51}% 248
\BOOKMARK [3][-]{subsubsection*.252}{\376\377\000C\000a\000l\000i\000f\000i\000c\000a\000c\000i\000o\000n\000e\000s\000\040\000C\000A\000M\000E\000L\000\040\000s\000i\000n\000\040\000p\000o\000n\000d\000e\000r\000a\000r}{anexosms.11}% 249
\BOOKMARK [3][-]{subsubsection*.253}{\376\377\000C\000a\000l\000i\000f\000i\000c\000a\000c\000i\000\363\000n\000\040\000C\000A\000M\000E\000L\000\040\000p\000o\000n\000d\000e\000r\000a\000d\000a}{anexosms.11}% 250
\BOOKMARK [2][-]{anexosms.12}{\376\377\000V\000a\000r\000i\000a\000b\000l\000e\000s\000\040\000u\000t\000i\000l\000i\000z\000a\000d\000a\000s\000\040\000e\000n\000\040\000e\000l\000\040\000d\000i\000a\000g\000n\000o\000s\000t\000i\000c\000o\000\040\000C\000A\000M\000E\000L}{section*.51}% 251
\BOOKMARK [3][-]{subsubsection*.254}{\376\377\000C\000a\000r\000t\000e\000r\000a\000\040\000v\000e\000n\000c\000i\000d\000a\000,\000\040\000e\000n\000\040\000e\000j\000e\000c\000u\000c\000i\000\363\000n\000\040\000y\000\040\000v\000i\000g\000e\000n\000t\000e\000\040\000e\000x\000p\000r\000e\000s\000a\000d\000o\000\040\000e\000n\000\040\000b\000o\000l\000i\000v\000i\000a\000n\000o\000s\000\040\000u\000t\000i\000l\000i\000z\000a\000d\000o\000\040\000e\000n\000\040\000a\000n\000\341\000l\000i\000s\000i\000s\000\040\000C\000A\000M\000E\000L}{anexosms.12}% 252
\BOOKMARK [3][-]{subsubsection*.255}{\376\377\000C\000a\000r\000t\000e\000r\000a\000\040\000v\000e\000n\000c\000i\000d\000a\000\040\000r\000e\000p\000r\000o\000g\000r\000a\000m\000a\000d\000a\000,\000\040\000e\000n\000\040\000e\000j\000e\000c\000u\000c\000i\000\363\000n\000\040\000r\000e\000p\000r\000o\000g\000r\000a\000m\000a\000d\000a\000\040\000y\000\040\000v\000i\000g\000e\000n\000t\000e\000\040\000r\000e\000p\000r\000o\000g\000r\000a\000m\000a\000d\000a\000\040\000e\000x\000p\000r\000e\000s\000a\000d\000o\000\040\000e\000n\000\040\000b\000o\000l\000i\000v\000i\000a\000n\000o\000s\000\040\000u\000t\000i\000l\000i\000z\000a\000d\000o\000\040\000e\000n\000\040\000a\000n\000\341\000l\000i\000s\000i\000s\000\040\000C\000A\000M\000E\000L}{anexosms.12}% 253
\BOOKMARK [3][-]{subsubsection*.256}{\376\377\000P\000r\000e\000v\000i\000s\000i\000\363\000n\000\040\000i\000n\000c\000o\000b\000r\000a\000b\000i\000l\000i\000d\000a\000d\000\040\000d\000e\000\040\000c\000a\000r\000t\000e\000r\000a\000,\000\040\000p\000a\000t\000r\000i\000m\000o\000n\000i\000o\000\040\000y\000\040\000a\000c\000t\000i\000v\000o\000\040\000e\000x\000p\000r\000e\000s\000a\000d\000o\000\040\000e\000n\000\040\000b\000o\000l\000i\000v\000i\000a\000n\000o\000s\000\040\000u\000t\000i\000l\000i\000z\000a\000d\000o\000\040\000e\000n\000\040\000a\000n\000\341\000l\000i\000s\000i\000s\000\040\000C\000A\000M\000E\000L}{anexosms.12}% 254
\BOOKMARK [3][-]{subsubsection*.257}{\376\377\000A\000c\000t\000i\000v\000o\000\040\000r\000e\000a\000l\000i\000z\000a\000b\000e\000,\000\040\000c\000o\000n\000t\000i\000n\000g\000e\000n\000t\000e\000\040\000y\000\040\000d\000i\000s\000p\000o\000n\000i\000b\000l\000e\000\040\000e\000x\000p\000r\000e\000s\000a\000d\000o\000\040\000e\000n\000\040\000b\000o\000l\000i\000v\000i\000a\000n\000o\000s\000\040\000u\000t\000i\000l\000i\000z\000a\000d\000o\000\040\000e\000n\000\040\000a\000n\000\341\000l\000i\000s\000i\000s\000\040\000C\000A\000M\000E\000L}{anexosms.12}% 255
\BOOKMARK [3][-]{subsubsection*.258}{\376\377\000A\000c\000t\000i\000v\000o\000\040\000d\000e\000\040\000i\000n\000v\000e\000r\000s\000i\000o\000n\000e\000s\000\040\000t\000e\000m\000p\000o\000r\000a\000r\000i\000a\000s\000,\000\040\000p\000a\000s\000i\000v\000o\000\040\000y\000\040\000g\000a\000s\000t\000o\000s\000\040\000a\000d\000m\000i\000n\000i\000s\000t\000r\000a\000t\000i\000v\000o\000s\000\040\000e\000x\000p\000r\000e\000s\000a\000d\000o\000\040\000e\000n\000\040\000b\000o\000l\000i\000v\000i\000a\000n\000o\000s\000\040\000u\000t\000i\000l\000i\000z\000a\000d\000o\000\040\000e\000n\000\040\000a\000n\000\341\000l\000i\000s\000i\000s\000\040\000C\000A\000M\000E\000L}{anexosms.12}% 256
\BOOKMARK [3][-]{subsubsection*.259}{\376\377\000I\000m\000p\000u\000e\000s\000t\000o\000s\000,\000\040\000r\000e\000s\000u\000l\000t\000a\000d\000o\000\040\000o\000p\000e\000r\000t\000a\000t\000i\000v\000o\000\040\000y\000\040\000n\000e\000t\000o\000\040\000e\000x\000p\000r\000e\000s\000a\000d\000o\000\040\000e\000n\000\040\000b\000o\000l\000i\000v\000i\000a\000n\000o\000s\000\040\000u\000t\000i\000l\000i\000z\000a\000d\000o\000\040\000e\000n\000\040\000a\000n\000\341\000l\000i\000s\000i\000s\000\040\000C\000A\000M\000E\000L}{anexosms.12}% 257
